<?xml version="1.0" encoding="UTF-8"?>
<!-- Generated by org.testng.reporters.JUnitReportReporter -->
<testsuite hostname="KISHOR" name="TestRunner.TestRunnerSingleTable" tests="1" failures="0" timestamp="30 May 2022 12:09:14 GMT" time="10.624" errors="0">
  <testcase name="runScenario" time="10.624" classname="TestRunner.TestRunnerSingleTable"/>
</testsuite> <!-- TestRunner.TestRunnerSingleTable -->
